1556882211.720722 client started (24329): version 2.9a, socket /tmp//tmux-501/default, protocol 8
1556882211.720816 on Darwin 18.5.0 Darwin Kernel Version 18.5.0: Mon Mar 11 20:40:32 PDT 2019; root:xnu-4903.251.3~3/RELEASE_X86_64; libevent 2.1.8-stable (select)
1556882211.720916 socket is /tmp//tmux-501/default
1556882211.720961 trying connect
1556882211.721126 add peer 0x108a15000: 6 (0x0)
1556882211.728514 sending message 100 to peer 0x108a15000 (4 bytes)
1556882211.728566 sending message 101 to peer 0x108a15000 (16 bytes)
1556882211.728594 sending message 102 to peer 0x108a15000 (13 bytes)
1556882211.728613 sending message 108 to peer 0x108a15000 (57 bytes)
1556882211.728765 sending message 104 to peer 0x108a15000 (0 bytes)
1556882211.728910 sending message 107 to peer 0x108a15000 (4 bytes)
1556882211.728940 sending message 105 to peer 0x108a15000 (76 bytes)
1556882211.728962 sending message 105 to peer 0x108a15000 (15 bytes)
1556882211.728981 sending message 105 to peer 0x108a15000 (20 bytes)
1556882211.728998 sending message 105 to peer 0x108a15000 (11 bytes)
1556882211.729016 sending message 105 to peer 0x108a15000 (30 bytes)
1556882211.729035 sending message 105 to peer 0x108a15000 (22 bytes)
1556882211.729054 sending message 105 to peer 0x108a15000 (61 bytes)
1556882211.729095 sending message 105 to peer 0x108a15000 (15 bytes)
1556882211.729115 sending message 105 to peer 0x108a15000 (8 bytes)
1556882211.729133 sending message 105 to peer 0x108a15000 (26 bytes)
1556882211.729220 sending message 105 to peer 0x108a15000 (32 bytes)
1556882211.729320 sending message 105 to peer 0x108a15000 (64 bytes)
1556882211.729347 sending message 105 to peer 0x108a15000 (11 bytes)
1556882211.729367 sending message 105 to peer 0x108a15000 (452 bytes)
1556882211.729388 sending message 105 to peer 0x108a15000 (61 bytes)
1556882211.729411 sending message 105 to peer 0x108a15000 (15 bytes)
1556882211.729431 sending message 105 to peer 0x108a15000 (8 bytes)
1556882211.729460 sending message 105 to peer 0x108a15000 (66 bytes)
1556882211.729500 sending message 105 to peer 0x108a15000 (21 bytes)
1556882211.729524 sending message 105 to peer 0x108a15000 (23 bytes)
1556882211.729544 sending message 105 to peer 0x108a15000 (27 bytes)
1556882211.729561 sending message 105 to peer 0x108a15000 (60 bytes)
1556882211.729625 sending message 105 to peer 0x108a15000 (57 bytes)
1556882211.729657 sending message 105 to peer 0x108a15000 (34 bytes)
1556882211.729675 sending message 105 to peer 0x108a15000 (14 bytes)
1556882211.729692 sending message 105 to peer 0x108a15000 (23 bytes)
1556882211.729708 sending message 105 to peer 0x108a15000 (14 bytes)
1556882211.729726 sending message 105 to peer 0x108a15000 (19 bytes)
1556882211.729742 sending message 105 to peer 0x108a15000 (40 bytes)
1556882211.729757 sending message 105 to peer 0x108a15000 (32 bytes)
1556882211.729771 sending message 105 to peer 0x108a15000 (15 bytes)
1556882211.729787 sending message 105 to peer 0x108a15000 (17 bytes)
1556882211.729803 sending message 105 to peer 0x108a15000 (16 bytes)
1556882211.729820 sending message 105 to peer 0x108a15000 (15 bytes)
1556882211.729836 sending message 105 to peer 0x108a15000 (16 bytes)
1556882211.729852 sending message 105 to peer 0x108a15000 (15 bytes)
1556882211.729868 sending message 105 to peer 0x108a15000 (16 bytes)
1556882211.729883 sending message 105 to peer 0x108a15000 (16 bytes)
1556882211.729898 sending message 105 to peer 0x108a15000 (16 bytes)
1556882211.729914 sending message 105 to peer 0x108a15000 (17 bytes)
1556882211.729929 sending message 105 to peer 0x108a15000 (15 bytes)
1556882211.729945 sending message 105 to peer 0x108a15000 (15 bytes)
1556882211.729962 sending message 105 to peer 0x108a15000 (16 bytes)
1556882211.729985 sending message 105 to peer 0x108a15000 (16 bytes)
1556882211.730079 sending message 105 to peer 0x108a15000 (16 bytes)
1556882211.730100 sending message 105 to peer 0x108a15000 (16 bytes)
1556882211.730150 sending message 105 to peer 0x108a15000 (88 bytes)
1556882211.730176 sending message 105 to peer 0x108a15000 (45 bytes)
1556882211.730311 sending message 105 to peer 0x108a15000 (40 bytes)
1556882211.730324 sending message 105 to peer 0x108a15000 (114 bytes)
1556882211.730336 sending message 105 to peer 0x108a15000 (56 bytes)
1556882211.730346 sending message 105 to peer 0x108a15000 (38 bytes)
1556882211.730357 sending message 105 to peer 0x108a15000 (44 bytes)
1556882211.730368 sending message 105 to peer 0x108a15000 (23 bytes)
1556882211.730379 sending message 105 to peer 0x108a15000 (25 bytes)
1556882211.730391 sending message 105 to peer 0x108a15000 (46 bytes)
1556882211.730408 sending message 105 to peer 0x108a15000 (66 bytes)
1556882211.730422 sending message 105 to peer 0x108a15000 (71 bytes)
1556882211.730433 sending message 105 to peer 0x108a15000 (67 bytes)
1556882211.730443 sending message 105 to peer 0x108a15000 (71 bytes)
1556882211.730453 sending message 105 to peer 0x108a15000 (22 bytes)
1556882211.730464 sending message 106 to peer 0x108a15000 (0 bytes)
1556882211.730500 sending message 200 to peer 0x108a15000 (4 bytes)
1556882211.730519 client loop enter
1556882211.731096 peer 0x108a15000 message 211
1556882211.731124 client_write: sessions should be nested with care, unset $TMUX to force\n
1556882211.731164 peer 0x108a15000 message 203
1556882211.731180 client loop exit
